<?xml version="1.0" encoding="UTF-8"?>
<testng-results ignored="0" total="1" passed="1" failed="0" skipped="0">
  <reporter-output>
  </reporter-output>
  <suite started-at="2022-07-31T00:21:24 EDT" name="Default suite" finished-at="2022-07-31T00:21:24 EDT" duration-ms="48">
    <groups>
    </groups>
    <test started-at="2022-07-31T00:21:24 EDT" name="Default test" finished-at="2022-07-31T00:21:24 EDT" duration-ms="48">
      <class name="com.testing.code.Catch_Implementing_TestNG_Annotations">
        <test-method is-config="true" signature="launchBrowser()[pri:0, instance:com.testing.code.Catch_Implementing_TestNG_Annotations@27462a88]" started-at="2022-07-31T00:21:24 EDT" name="launchBrowser" finished-at="2022-07-31T00:21:24 EDT" duration-ms="6" status="PASS">
          <reporter-output>
          </reporter-output>
        </test-method> <!-- launchBrowser -->
        <test-method signature="iAMMUST()[pri:0, instance:com.testing.code.Catch_Implementing_TestNG_Annotations@27462a88]" started-at="2022-07-31T00:21:24 EDT" name="iAMMUST" finished-at="2022-07-31T00:21:24 EDT" duration-ms="9" status="PASS">
          <reporter-output>
          </reporter-output>
        </test-method> <!-- iAMMUST -->
        <test-method is-config="true" signature="tierDown()[pri:0, instance:com.testing.code.Catch_Implementing_TestNG_Annotations@27462a88]" started-at="2022-07-31T00:21:24 EDT" name="tierDown" finished-at="2022-07-31T00:21:24 EDT" duration-ms="0" status="PASS">
          <reporter-output>
          </reporter-output>
        </test-method> <!-- tierDown -->
      </class> <!-- com.testing.code.Catch_Implementing_TestNG_Annotations -->
    </test> <!-- Default test -->
  </suite> <!-- Default suite -->
</testng-results>
