<?xml version="1.0" encoding="UTF-8"?>
<!-- Generated by org.testng.reporters.JUnitReportReporter -->
<testsuite hostname="SarojPC" failures="0" tests="4" name="com.testing.code.Enabled_False_TestNG" time="0.009" errors="0" timestamp="2022-07-31T00:11:54 EDT" skipped="1">
  <testcase classname="com.testing.code.Enabled_False_TestNG" name="testCase1" time="0.007"/>
  <system-out/>
  <testcase classname="com.testing.code.Enabled_False_TestNG" name="testCase4" time="0.001"/>
  <system-out/>
  <testcase classname="com.testing.code.Enabled_False_TestNG" name="testCase2" time="0.001"/>
  <system-out/>
  <testcase classname="com.testing.code.Enabled_False_TestNG" name="testCase3">
    <skipped/>
  </testcase> <!-- testCase3 -->
  <system-out/>
</testsuite> <!-- com.testing.code.Enabled_False_TestNG -->
