<?xml version="1.0" encoding="UTF-8"?>
<!-- Generated by org.testng.reporters.JUnitReportReporter -->
<testsuite hostname="SarojPC" failures="0" tests="3" name="com.testing.code.Tri_Combo_TestNG" time="0.011" errors="0" timestamp="2022-07-31T00:05:11 EDT" skipped="0">
  <testcase classname="com.testing.code.Tri_Combo_TestNG" name="testCase3" time="0.003"/>
  <system-out/>
  <testcase classname="com.testing.code.Tri_Combo_TestNG" name="testCase2" time="0.001"/>
  <system-out/>
  <testcase classname="com.testing.code.Tri_Combo_TestNG" name="testCase1" time="0.007"/>
  <system-out/>
</testsuite> <!-- com.testing.code.Tri_Combo_TestNG -->
