<?xml version="1.0" encoding="UTF-8"?>
<!-- Generated by org.testng.reporters.JUnitReportReporter -->
<testsuite hostname="SarojPC" failures="0" tests="6" name="com.testing.code.Enablement_Disablement_TestCase" time="0.012" errors="0" timestamp="2022-07-31T00:14:28 EDT" skipped="1">
  <testcase classname="com.testing.code.Enablement_Disablement_TestCase" name="testCase2" time="0.001"/>
  <system-out/>
  <testcase classname="com.testing.code.Enablement_Disablement_TestCase" name="testCase3" time="0.000"/>
  <system-out/>
  <testcase classname="com.testing.code.Enablement_Disablement_TestCase" name="testCase5" time="0.001"/>
  <system-out/>
  <testcase classname="com.testing.code.Enablement_Disablement_TestCase" name="testCase1" time="0.010"/>
  <system-out/>
  <testcase classname="com.testing.code.Enablement_Disablement_TestCase" name="testCase6" time="0.000"/>
  <system-out/>
  <testcase classname="com.testing.code.Enablement_Disablement_TestCase" name="testCase4">
    <skipped/>
  </testcase> <!-- testCase4 -->
  <system-out/>
</testsuite> <!-- com.testing.code.Enablement_Disablement_TestCase -->
